<?xml version="1.0" encoding="UTF-8"?>
<!-- Generated by org.testng.reporters.JUnitReportReporter -->
<testsuite skipped="0" hostname="DLDB0016" name="qaittesting.Bing.BingTranslatorTestClass" tests="2" failures="0" timestamp="27 Jun 2018 12:10:59 GMT" time="0.878" errors="0">
  <testcase name="test02" time="0.099" classname="qaittesting.Bing.BingTranslatorTestClass"/>
  <testcase name="test01" time="0.779" classname="qaittesting.Bing.BingTranslatorTestClass"/>
</testsuite> <!-- qaittesting.Bing.BingTranslatorTestClass -->
