<?xml version="1.0" encoding="UTF-8"?>
<!-- Generated by org.testng.reporters.JUnitReportReporter -->
<testsuite skipped="0" hostname="DLDB0016" name="qaittesting.Bing.BingTranslatorTestClass" tests="2" failures="0" timestamp="28 Jun 2018 07:49:41 GMT" time="0.649" errors="0">
  <testcase name="test01_GivenLanguageIsSelectedInDropDown2" time="0.539" classname="qaittesting.Bing.BingTranslatorTestClass"/>
  <testcase name="test02_InputAreaHasTextInIt" time="0.110" classname="qaittesting.Bing.BingTranslatorTestClass"/>
</testsuite> <!-- qaittesting.Bing.BingTranslatorTestClass -->
